<?xml version="1.0" encoding="UTF-8"?>
<!-- Generated by org.testng.reporters.JUnitXMLReporter -->
<testsuite ignored="0" hostname="DESKTOP-G4IK11Q" failures="1" tests="1" name="Test" time="103.414" errors="0" timestamp="2023-07-01T14:55:02 IST">
  <testcase classname="test.ValidateUserNameFromPolicyBazzar" name="validateUserName" time="16.593">
    <failure type="java.lang.AssertionError" message="Expectun and actualun is not match test case is fail expected [Sonali Deshmukh] but found [7057614152]">
      <![CDATA[java.lang.AssertionError: Expectun and actualun is not match test case is fail expected [Sonali Deshmukh] but found [7057614152]
at test.ValidateUserNameFromPolicyBazzar.validateUserName(ValidateUserNameFromPolicyBazzar.java:89)
at java.base/java.util.ArrayList.forEach(ArrayList.java:1511)
... Removed 32 stack frames]]>
    </failure>
  </testcase> <!-- validateUserName -->
</testsuite> <!-- Test -->
